app/build/intermediates/manifest_merge_blame_file/debug/manifest-merger-blame-debug-report.txt
1<?xml version="1.0" encoding="utf-8"?>
2<manifest xmlns:android="http://schemas.android.com/apk/res/android"
3    package="com.example.RunToU"
4    android:versionCode="1"
5    android:versionName="1.0" >
6
7    <uses-sdk
8        android:minSdkVersion="21"
8-->src\main\AndroidManifest.xml
9        android:targetSdkVersion="31" />
9-->src\main\AndroidManifest.xml
10
11    <uses-permission android:name="android.permission.INTERNET" />
11-->src\main\AndroidManifest.xml:5:5-66
11-->src\main\AndroidManifest.xml:5:22-64
12    <uses-permission android:name="android.permission.ACCESS_FINE_LOCATION" />
12-->src\main\AndroidManifest.xml:6:5-78
12-->src\main\AndroidManifest.xml:6:22-76
13    <uses-permission android:name="android.permission.ACCESS_COARSE_LOCATION" />
13-->src\main\AndroidManifest.xml:7:5-81
13-->src\main\AndroidManifest.xml:7:22-78
14    <uses-permission android:name="android.permission.READ_EXTERNAL_STORAGE" />
14-->[com.github.iamport:iamport-android:v1.3.4] AndroidManifest.xml:9:5-80
14-->[com.github.iamport:iamport-android:v1.3.4] AndroidManifest.xml:9:22-77
15    <uses-permission android:name="android.permission.ACCESS_NETWORK_STATE" />
15-->[com.github.iamport:iamport-android:v1.3.4] AndroidManifest.xml:11:5-79
15-->[com.github.iamport:iamport-android:v1.3.4] AndroidManifest.xml:11:22-76
16    <uses-permission android:name="android.permission.FOREGROUND_SERVICE" />
16-->[com.github.iamport:iamport-android:v1.3.4] AndroidManifest.xml:12:5-77
16-->[com.github.iamport:iamport-android:v1.3.4] AndroidManifest.xml:12:22-74
17
18    <queries>
18-->[com.github.iamport:iamport-android:v1.3.4] AndroidManifest.xml:14:5-72:15
19
20        <!-- 간편결제 -->
21        <package android:name="finance.chai.app" /> <!-- 차이페이 -->
21-->[com.github.iamport:iamport-android:v1.3.4] AndroidManifest.xml:17:9-52
21-->[com.github.iamport:iamport-android:v1.3.4] AndroidManifest.xml:17:18-49
22        <package android:name="com.nhnent.payapp" /> <!-- 페이코 -->
22-->[com.github.iamport:iamport-android:v1.3.4] AndroidManifest.xml:18:9-53
22-->[com.github.iamport:iamport-android:v1.3.4] AndroidManifest.xml:18:18-50
23        <package android:name="com.lottemembers.android" /> <!-- LPAY -->
23-->[com.github.iamport:iamport-android:v1.3.4] AndroidManifest.xml:19:9-60
23-->[com.github.iamport:iamport-android:v1.3.4] AndroidManifest.xml:19:18-57
24        <package android:name="com.ssg.serviceapp.android.egiftcertificate" /> <!-- SSGPAY -->
24-->[com.github.iamport:iamport-android:v1.3.4] AndroidManifest.xml:20:9-79
24-->[com.github.iamport:iamport-android:v1.3.4] AndroidManifest.xml:20:18-76
25        <package android:name="com.inicis.kpay" /> <!-- KPAY -->
25-->[com.github.iamport:iamport-android:v1.3.4] AndroidManifest.xml:21:9-51
25-->[com.github.iamport:iamport-android:v1.3.4] AndroidManifest.xml:21:18-48
26        <package android:name="com.tmoney.tmpay" /> <!-- 티머니페이 -->
26-->[com.github.iamport:iamport-android:v1.3.4] AndroidManifest.xml:22:9-52
26-->[com.github.iamport:iamport-android:v1.3.4] AndroidManifest.xml:22:18-49
27        <package android:name="viva.republica.toss" /> <!-- 토스페이 -->
27-->[com.github.iamport:iamport-android:v1.3.4] AndroidManifest.xml:23:9-55
27-->[com.github.iamport:iamport-android:v1.3.4] AndroidManifest.xml:23:18-52
28        <package android:name="com.samsung.android.spay" /> <!-- 삼성페이 -->
28-->[com.github.iamport:iamport-android:v1.3.4] AndroidManifest.xml:24:9-60
28-->[com.github.iamport:iamport-android:v1.3.4] AndroidManifest.xml:24:18-57
29        <package android:name="com.kakao.talk" /> <!-- 카카오페이 -->
29-->[com.github.iamport:iamport-android:v1.3.4] AndroidManifest.xml:25:9-50
29-->[com.github.iamport:iamport-android:v1.3.4] AndroidManifest.xml:25:18-47
30        <package android:name="com.nhn.android.search" /> <!-- 네이버 -->
30-->[com.github.iamport:iamport-android:v1.3.4] AndroidManifest.xml:26:9-58
30-->[com.github.iamport:iamport-android:v1.3.4] AndroidManifest.xml:26:18-55
31        <package android:name="com.mysmilepay.app" /> <!-- 스마일페이 -->
31-->[com.github.iamport:iamport-android:v1.3.4] AndroidManifest.xml:27:9-54
31-->[com.github.iamport:iamport-android:v1.3.4] AndroidManifest.xml:27:18-51
32        <!-- 카드 -->
33        <package android:name="kvp.jjy.MispAndroid320" /> <!-- ISP페이북 -->
33-->[com.github.iamport:iamport-android:v1.3.4] AndroidManifest.xml:29:9-58
33-->[com.github.iamport:iamport-android:v1.3.4] AndroidManifest.xml:29:18-55
34        <package android:name="com.kbcard.cxh.appcard" /> <!-- KBPay -->
34-->[com.github.iamport:iamport-android:v1.3.4] AndroidManifest.xml:30:9-58
34-->[com.github.iamport:iamport-android:v1.3.4] AndroidManifest.xml:30:18-55
35        <package android:name="com.kbstar.liivbank" /> <!-- liivbank -->
35-->[com.github.iamport:iamport-android:v1.3.4] AndroidManifest.xml:31:9-55
35-->[com.github.iamport:iamport-android:v1.3.4] AndroidManifest.xml:31:18-52
36        <package android:name="com.kbstar.reboot" /> <!-- newliiv -->
36-->[com.github.iamport:iamport-android:v1.3.4] AndroidManifest.xml:32:9-53
36-->[com.github.iamport:iamport-android:v1.3.4] AndroidManifest.xml:32:18-50
37        <package android:name="com.samsung.android.spaylite" /> <!-- 삼성페이니 -->
37-->[com.github.iamport:iamport-android:v1.3.4] AndroidManifest.xml:33:9-64
37-->[com.github.iamport:iamport-android:v1.3.4] AndroidManifest.xml:33:18-61
38        <package android:name="com.nhnent.payapp" /> <!-- 페이코 -->
38-->[com.github.iamport:iamport-android:v1.3.4] AndroidManifest.xml:18:9-53
38-->[com.github.iamport:iamport-android:v1.3.4] AndroidManifest.xml:18:18-50
39        <package android:name="com.lge.lgpay" /> <!-- 엘지페이 -->
39-->[com.github.iamport:iamport-android:v1.3.4] AndroidManifest.xml:35:9-49
39-->[com.github.iamport:iamport-android:v1.3.4] AndroidManifest.xml:35:18-46
40        <package android:name="com.hanaskcard.paycla" /> <!-- 하나 -->
40-->[com.github.iamport:iamport-android:v1.3.4] AndroidManifest.xml:36:9-57
40-->[com.github.iamport:iamport-android:v1.3.4] AndroidManifest.xml:36:18-54
41        <package android:name="kr.co.hanamembers.hmscustomer" /> <!-- 하나멤버스 -->
41-->[com.github.iamport:iamport-android:v1.3.4] AndroidManifest.xml:37:9-65
41-->[com.github.iamport:iamport-android:v1.3.4] AndroidManifest.xml:37:18-62
42        <package android:name="com.hanaskcard.rocomo.potal" /> <!-- 하나공인인증 -->
42-->[com.github.iamport:iamport-android:v1.3.4] AndroidManifest.xml:38:9-63
42-->[com.github.iamport:iamport-android:v1.3.4] AndroidManifest.xml:38:18-60
43        <package android:name="com.citibank.cardapp" /> <!-- 씨티 -->
43-->[com.github.iamport:iamport-android:v1.3.4] AndroidManifest.xml:39:9-56
43-->[com.github.iamport:iamport-android:v1.3.4] AndroidManifest.xml:39:18-53
44        <package android:name="kr.co.citibank.citimobile" /> <!-- 씨티모바일 -->
44-->[com.github.iamport:iamport-android:v1.3.4] AndroidManifest.xml:40:9-61
44-->[com.github.iamport:iamport-android:v1.3.4] AndroidManifest.xml:40:18-58
45        <package android:name="com.lcacApp" /> <!-- 롯데 -->
45-->[com.github.iamport:iamport-android:v1.3.4] AndroidManifest.xml:41:9-47
45-->[com.github.iamport:iamport-android:v1.3.4] AndroidManifest.xml:41:18-44
46        <package android:name="kr.co.samsungcard.mpocket" /> <!-- 삼성 -->
46-->[com.github.iamport:iamport-android:v1.3.4] AndroidManifest.xml:42:9-61
46-->[com.github.iamport:iamport-android:v1.3.4] AndroidManifest.xml:42:18-58
47        <package android:name="com.shcard.smartpay" /> <!-- 신한 -->
47-->[com.github.iamport:iamport-android:v1.3.4] AndroidManifest.xml:43:9-55
47-->[com.github.iamport:iamport-android:v1.3.4] AndroidManifest.xml:43:18-52
48        <package android:name="com.shinhancard.smartshinhan" /> <!-- 신한(ARS/일반/smart) -->
48-->[com.github.iamport:iamport-android:v1.3.4] AndroidManifest.xml:44:9-64
48-->[com.github.iamport:iamport-android:v1.3.4] AndroidManifest.xml:44:18-61
49        <package android:name="com.hyundaicard.appcard" /> <!-- 현재 -->
49-->[com.github.iamport:iamport-android:v1.3.4] AndroidManifest.xml:45:9-59
49-->[com.github.iamport:iamport-android:v1.3.4] AndroidManifest.xml:45:18-56
50        <package android:name="nh.smart.nhallonepay" /> <!-- 농협 -->
50-->[com.github.iamport:iamport-android:v1.3.4] AndroidManifest.xml:46:9-56
50-->[com.github.iamport:iamport-android:v1.3.4] AndroidManifest.xml:46:18-53
51        <package android:name="kr.co.citibank.citimobile" /> <!-- 씨티 -->
51-->[com.github.iamport:iamport-android:v1.3.4] AndroidManifest.xml:40:9-61
51-->[com.github.iamport:iamport-android:v1.3.4] AndroidManifest.xml:40:18-58
52        <package android:name="com.wooricard.smartapp" /> <!-- 우리WON카드 -->
52-->[com.github.iamport:iamport-android:v1.3.4] AndroidManifest.xml:48:9-58
52-->[com.github.iamport:iamport-android:v1.3.4] AndroidManifest.xml:48:18-55
53        <package android:name="com.wooribank.smart.npib" /> <!-- 우리WON뱅킹 -->
53-->[com.github.iamport:iamport-android:v1.3.4] AndroidManifest.xml:49:9-60
53-->[com.github.iamport:iamport-android:v1.3.4] AndroidManifest.xml:49:18-57
54        <!-- 백신 -->
55        <package android:name="com.TouchEn.mVaccine.webs" /> <!-- TouchEn -->
55-->[com.github.iamport:iamport-android:v1.3.4] AndroidManifest.xml:51:9-61
55-->[com.github.iamport:iamport-android:v1.3.4] AndroidManifest.xml:51:18-58
56        <package android:name="com.ahnlab.v3mobileplus" /> <!-- V3 -->
56-->[com.github.iamport:iamport-android:v1.3.4] AndroidManifest.xml:52:9-59
56-->[com.github.iamport:iamport-android:v1.3.4] AndroidManifest.xml:52:18-56
57        <package android:name="kr.co.shiftworks.vguardweb" /> <!-- vguard -->
57-->[com.github.iamport:iamport-android:v1.3.4] AndroidManifest.xml:53:9-62
57-->[com.github.iamport:iamport-android:v1.3.4] AndroidManifest.xml:53:18-59
58        <!-- 신용카드 공인인증 -->
59        <package android:name="com.hanaskcard.rocomo.potal" /> <!-- 하나 -->
59-->[com.github.iamport:iamport-android:v1.3.4] AndroidManifest.xml:38:9-63
59-->[com.github.iamport:iamport-android:v1.3.4] AndroidManifest.xml:38:18-60
60        <package android:name="com.lumensoft.touchenappfree" /> <!-- 현대 -->
60-->[com.github.iamport:iamport-android:v1.3.4] AndroidManifest.xml:56:9-64
60-->[com.github.iamport:iamport-android:v1.3.4] AndroidManifest.xml:56:18-61
61        <!-- 계좌이체 -->
62        <package android:name="com.kftc.bankpay.android" /> <!-- 뱅크페이 -->
62-->[com.github.iamport:iamport-android:v1.3.4] AndroidManifest.xml:58:9-60
62-->[com.github.iamport:iamport-android:v1.3.4] AndroidManifest.xml:58:18-57
63        <package android:name="kr.co.kfcc.mobilebank" /> <!-- MG 새마을금고 -->
63-->[com.github.iamport:iamport-android:v1.3.4] AndroidManifest.xml:59:9-57
63-->[com.github.iamport:iamport-android:v1.3.4] AndroidManifest.xml:59:18-54
64        <package android:name="com.kbstar.liivbank" /> <!-- 뱅크페이 -->
64-->[com.github.iamport:iamport-android:v1.3.4] AndroidManifest.xml:31:9-55
64-->[com.github.iamport:iamport-android:v1.3.4] AndroidManifest.xml:31:18-52
65        <package android:name="com.nh.cashcardapp" /> <!-- 뱅크페이 -->
65-->[com.github.iamport:iamport-android:v1.3.4] AndroidManifest.xml:61:9-54
65-->[com.github.iamport:iamport-android:v1.3.4] AndroidManifest.xml:61:18-51
66        <package android:name="com.knb.psb" /> <!-- BNK경남은행 -->
66-->[com.github.iamport:iamport-android:v1.3.4] AndroidManifest.xml:62:9-47
66-->[com.github.iamport:iamport-android:v1.3.4] AndroidManifest.xml:62:18-44
67        <package android:name="com.lguplus.paynow" /> <!-- 페이나우 -->
67-->[com.github.iamport:iamport-android:v1.3.4] AndroidManifest.xml:63:9-54
67-->[com.github.iamport:iamport-android:v1.3.4] AndroidManifest.xml:63:18-51
68        <package android:name="com.kbankwith.smartbank" /> <!-- 케이뱅크 -->
68-->[com.github.iamport:iamport-android:v1.3.4] AndroidManifest.xml:64:9-59
68-->[com.github.iamport:iamport-android:v1.3.4] AndroidManifest.xml:64:18-56
69        <!-- 해외결제 -->
70        <package android:name="com.eg.android.AlipayGphone" /> <!-- 페이나우 -->
70-->[com.github.iamport:iamport-android:v1.3.4] AndroidManifest.xml:66:9-63
70-->[com.github.iamport:iamport-android:v1.3.4] AndroidManifest.xml:66:18-60
71        <!-- 기타 -->
72        <package android:name="com.sktelecom.tauth" /> <!-- PASS -->
72-->[com.github.iamport:iamport-android:v1.3.4] AndroidManifest.xml:68:9-55
72-->[com.github.iamport:iamport-android:v1.3.4] AndroidManifest.xml:68:18-52
73        <package android:name="com.lguplus.smartotp" /> <!-- PASS -->
73-->[com.github.iamport:iamport-android:v1.3.4] AndroidManifest.xml:69:9-56
73-->[com.github.iamport:iamport-android:v1.3.4] AndroidManifest.xml:69:18-53
74        <package android:name="com.kt.ktauth" /> <!-- PASS -->
74-->[com.github.iamport:iamport-android:v1.3.4] AndroidManifest.xml:70:9-49
74-->[com.github.iamport:iamport-android:v1.3.4] AndroidManifest.xml:70:18-46
75        <package android:name="kr.danal.app.damoum" /> <!-- 다날 다모음 -->
75-->[com.github.iamport:iamport-android:v1.3.4] AndroidManifest.xml:71:9-55
75-->[com.github.iamport:iamport-android:v1.3.4] AndroidManifest.xml:71:18-52
76    </queries>
77
78    <uses-permission android:name="android.permission.WAKE_LOCK" />
78-->[com.google.android.gms:play-services-measurement-api:20.1.0] AndroidManifest.xml:24:5-68
78-->[com.google.android.gms:play-services-measurement-api:20.1.0] AndroidManifest.xml:24:22-65
79    <uses-permission android:name="com.google.android.finsky.permission.BIND_GET_INSTALL_REFERRER_SERVICE" /> <!-- Include required permissions for Advertising Id -->
79-->[com.google.android.gms:play-services-measurement:20.1.0] AndroidManifest.xml:26:5-110
79-->[com.google.android.gms:play-services-measurement:20.1.0] AndroidManifest.xml:26:22-107
80    <uses-permission android:name="com.google.android.gms.permission.AD_ID" />
80-->[com.google.android.gms:play-services-ads-identifier:18.0.0] AndroidManifest.xml:23:5-79
80-->[com.google.android.gms:play-services-ads-identifier:18.0.0] AndroidManifest.xml:23:22-76
81    <uses-permission android:name="android.permission.RECEIVE_BOOT_COMPLETED" />
81-->[androidx.work:work-runtime:2.5.0] AndroidManifest.xml:27:5-81
81-->[androidx.work:work-runtime:2.5.0] AndroidManifest.xml:27:22-78
82
83    <application
83-->src\main\AndroidManifest.xml:9:5-59:19
84        android:allowBackup="true"
84-->src\main\AndroidManifest.xml:10:9-35
85        android:appComponentFactory="androidx.core.app.CoreComponentFactory"
85-->[androidx.core:core:1.7.0] AndroidManifest.xml:24:18-86
86        android:debuggable="true"
87        android:icon="@mipmap/ic_launcher"
87-->src\main\AndroidManifest.xml:11:9-43
88        android:label="@string/app_name"
88-->src\main\AndroidManifest.xml:12:9-41
89        android:roundIcon="@mipmap/ic_launcher_round"
89-->src\main\AndroidManifest.xml:13:9-54
90        android:supportsRtl="true"
90-->src\main\AndroidManifest.xml:14:9-35
91        android:testOnly="true"
92        android:usesCleartextTraffic="true" >
92-->src\main\AndroidManifest.xml:15:9-44
93        <activity
93-->src\main\AndroidManifest.xml:18:9-27:20
94            android:name="com.example.RunToU.LoginActivity"
94-->src\main\AndroidManifest.xml:18:19-66
95            android:exported="true"
95-->src\main\AndroidManifest.xml:20:13-36
96            android:theme="@style/Theme.Runtyou" >
96-->src\main\AndroidManifest.xml:19:13-49
97            <intent-filter>
97-->src\main\AndroidManifest.xml:21:12-26:29
98                <action android:name="android.intent.action.MAIN" />
98-->src\main\AndroidManifest.xml:23:17-69
98-->src\main\AndroidManifest.xml:23:25-66
99
100                <category android:name="android.intent.category.LAUNCHER" />
100-->src\main\AndroidManifest.xml:25:17-77
100-->src\main\AndroidManifest.xml:25:27-74
101            </intent-filter>
102        </activity>
103        <activity
103-->src\main\AndroidManifest.xml:29:9-30:51
104            android:name="com.example.RunToU.MainActivity"
104-->src\main\AndroidManifest.xml:29:19-47
105            android:theme="@style/Theme.Runtyou" />
105-->src\main\AndroidManifest.xml:30:13-49
106        <activity
106-->src\main\AndroidManifest.xml:31:9-32:52
107            android:name="com.example.RunToU.SingupActivity"
107-->src\main\AndroidManifest.xml:31:19-67
108            android:theme="@style/Theme.Runtyou" />
108-->src\main\AndroidManifest.xml:32:13-49
109
110        <meta-data
110-->src\main\AndroidManifest.xml:33:9-106
111            android:name="com.kakao.sdk.AppKey"
111-->src\main\AndroidManifest.xml:33:20-55
112            android:value="e65891468706ac7d59680f5e0202bfff" />
112-->src\main\AndroidManifest.xml:33:56-104
113
114        <activity
114-->src\main\AndroidManifest.xml:34:9-35:51
115            android:name="com.example.RunToU.reviewActivity"
115-->src\main\AndroidManifest.xml:34:19-67
116            android:theme="@style/Theme.Runtyou" />
116-->src\main\AndroidManifest.xml:35:13-49
117        <activity
117-->src\main\AndroidManifest.xml:36:9-37:51
118            android:name="com.example.RunToU.settingActivity"
118-->src\main\AndroidManifest.xml:36:19-68
119            android:theme="@style/Theme.Runtyou" />
119-->src\main\AndroidManifest.xml:37:13-49
120        <activity
120-->src\main\AndroidManifest.xml:38:9-39:51
121            android:name="com.example.RunToU.purchaseActivity"
121-->src\main\AndroidManifest.xml:38:19-69
122            android:theme="@style/Theme.Runtyou" />
122-->src\main\AndroidManifest.xml:39:13-49
123        <activity
123-->src\main\AndroidManifest.xml:40:9-41:51
124            android:name="com.example.RunToU.edit_introduceActivity"
124-->src\main\AndroidManifest.xml:40:19-75
125            android:theme="@style/Theme.Runtyou" />
125-->src\main\AndroidManifest.xml:41:13-49
126        <activity
126-->src\main\AndroidManifest.xml:42:9-43:51
127            android:name="com.example.RunToU.writeActivity"
127-->src\main\AndroidManifest.xml:42:19-66
128            android:theme="@style/Theme.Runtyou" />
128-->src\main\AndroidManifest.xml:43:13-49
129        <activity
129-->src\main\AndroidManifest.xml:44:9-45:51
130            android:name="com.example.RunToU.verificationActivity"
130-->src\main\AndroidManifest.xml:44:19-73
131            android:theme="@style/Theme.Runtyou" />
131-->src\main\AndroidManifest.xml:45:13-49
132        <activity
132-->src\main\AndroidManifest.xml:46:9-47:51
133            android:name="com.example.RunToU.jobrecActivity"
133-->src\main\AndroidManifest.xml:46:19-67
134            android:theme="@style/Theme.Runtyou" />
134-->src\main\AndroidManifest.xml:47:13-49
135        <activity
135-->src\main\AndroidManifest.xml:48:9-49:51
136            android:name="com.example.RunToU.ChatRoomActivity2"
136-->src\main\AndroidManifest.xml:48:19-52
137            android:theme="@style/Theme.Runtyou" />
137-->src\main\AndroidManifest.xml:49:13-49
138        <activity
138-->src\main\AndroidManifest.xml:51:9-52:51
139            android:name="com.example.RunToU.addressActivity"
139-->src\main\AndroidManifest.xml:51:19-68
140            android:theme="@style/Theme.Runtyou" />
140-->src\main\AndroidManifest.xml:52:13-49
141        <activity
141-->src\main\AndroidManifest.xml:53:9-54:51
142            android:name="com.example.RunToU.ordersheetActivity"
142-->src\main\AndroidManifest.xml:53:19-71
143            android:theme="@style/Theme.Runtyou" />
143-->src\main\AndroidManifest.xml:54:13-49
144        <activity
144-->src\main\AndroidManifest.xml:56:9-57:62
145            android:name="com.example.RunToU.popupActivity"
145-->src\main\AndroidManifest.xml:56:19-48
146            android:theme="@style/Theme.AppCompat.DayNight" />
146-->src\main\AndroidManifest.xml:57:13-60
147
148        <service
148-->[com.github.iamport:iamport-android:v1.3.4] AndroidManifest.xml:78:9-80:38
149            android:name="com.iamport.sdk.domain.service.ChaiService"
149-->[com.github.iamport:iamport-android:v1.3.4] AndroidManifest.xml:79:13-70
150            android:enabled="true" />
150-->[com.github.iamport:iamport-android:v1.3.4] AndroidManifest.xml:80:13-35
151
152        <activity
152-->[com.github.iamport:iamport-android:v1.3.4] AndroidManifest.xml:82:9-89:20
153            android:name="com.iamport.sdk.presentation.activity.WebViewActivity"
153-->[com.github.iamport:iamport-android:v1.3.4] AndroidManifest.xml:83:13-81
154            android:configChanges="keyboardHidden|orientation|screenSize|screenLayout|smallestScreenSize"
154-->[com.github.iamport:iamport-android:v1.3.4] AndroidManifest.xml:84:13-106
155            android:hardwareAccelerated="true"
155-->[com.github.iamport:iamport-android:v1.3.4] AndroidManifest.xml:85:13-47
156            android:launchMode="singleTop"
156-->[com.github.iamport:iamport-android:v1.3.4] AndroidManifest.xml:86:13-43
157            android:screenOrientation="portrait"
157-->[com.github.iamport:iamport-android:v1.3.4] AndroidManifest.xml:87:13-49
158            android:theme="@style/Theme.AppCompat.Transparent.NoActionBar" >
158-->[com.github.iamport:iamport-android:v1.3.4] AndroidManifest.xml:88:13-75
159        </activity>
160
161        <service
161-->[com.google.firebase:firebase-analytics-ktx:20.1.0] AndroidManifest.xml:8:9-14:19
162            android:name="com.google.firebase.components.ComponentDiscoveryService"
162-->[com.google.firebase:firebase-analytics-ktx:20.1.0] AndroidManifest.xml:9:13-84
163            android:directBootAware="true"
163-->[com.google.firebase:firebase-common:20.0.0] AndroidManifest.xml:35:13-43
164            android:exported="false" >
164-->[com.google.firebase:firebase-analytics-ktx:20.1.0] AndroidManifest.xml:10:13-37
165            <meta-data
165-->[com.google.firebase:firebase-analytics-ktx:20.1.0] AndroidManifest.xml:11:13-13:85
166                android:name="com.google.firebase.components:com.google.firebase.analytics.ktx.FirebaseAnalyticsKtxRegistrar"
166-->[com.google.firebase:firebase-analytics-ktx:20.1.0] AndroidManifest.xml:12:17-126
167                android:value="com.google.firebase.components.ComponentRegistrar" />
167-->[com.google.firebase:firebase-analytics-ktx:20.1.0] AndroidManifest.xml:13:17-82
168            <meta-data
168-->[com.google.firebase:firebase-auth-ktx:21.0.1] AndroidManifest.xml:11:13-13:85
169                android:name="com.google.firebase.components:com.google.firebase.auth.ktx.FirebaseAuthKtxRegistrar"
169-->[com.google.firebase:firebase-auth-ktx:21.0.1] AndroidManifest.xml:12:17-116
170                android:value="com.google.firebase.components.ComponentRegistrar" />
170-->[com.google.firebase:firebase-auth-ktx:21.0.1] AndroidManifest.xml:13:17-82
171            <meta-data
171-->[com.google.firebase:firebase-common-ktx:20.0.0] AndroidManifest.xml:15:13-17:85
172                android:name="com.google.firebase.components:com.google.firebase.ktx.FirebaseCommonKtxRegistrar"
172-->[com.google.firebase:firebase-common-ktx:20.0.0] AndroidManifest.xml:16:17-113
173                android:value="com.google.firebase.components.ComponentRegistrar" />
173-->[com.google.firebase:firebase-common-ktx:20.0.0] AndroidManifest.xml:17:17-82
174            <meta-data
174-->[com.google.firebase:firebase-auth:21.0.1] AndroidManifest.xml:77:13-79:85
175                android:name="com.google.firebase.components:com.google.firebase.auth.FirebaseAuthRegistrar"
175-->[com.google.firebase:firebase-auth:21.0.1] AndroidManifest.xml:78:17-109
176                android:value="com.google.firebase.components.ComponentRegistrar" />
176-->[com.google.firebase:firebase-auth:21.0.1] AndroidManifest.xml:79:17-82
177            <meta-data
177-->[com.google.android.gms:play-services-measurement-api:20.1.0] AndroidManifest.xml:30:13-32:85
178                android:name="com.google.firebase.components:com.google.firebase.analytics.connector.internal.AnalyticsConnectorRegistrar"
178-->[com.google.android.gms:play-services-measurement-api:20.1.0] AndroidManifest.xml:31:17-139
179                android:value="com.google.firebase.components.ComponentRegistrar" />
179-->[com.google.android.gms:play-services-measurement-api:20.1.0] AndroidManifest.xml:32:17-82
180            <meta-data
180-->[com.google.firebase:firebase-installations:17.0.0] AndroidManifest.xml:18:13-20:85
181                android:name="com.google.firebase.components:com.google.firebase.installations.FirebaseInstallationsRegistrar"
181-->[com.google.firebase:firebase-installations:17.0.0] AndroidManifest.xml:19:17-127
182                android:value="com.google.firebase.components.ComponentRegistrar" />
182-->[com.google.firebase:firebase-installations:17.0.0] AndroidManifest.xml:20:17-82
183        </service>
184
185        <activity
185-->[com.google.android.gms:play-services-auth:20.1.0] AndroidManifest.xml:23:9-27:75
186            android:name="com.google.android.gms.auth.api.signin.internal.SignInHubActivity"
186-->[com.google.android.gms:play-services-auth:20.1.0] AndroidManifest.xml:24:13-93
187            android:excludeFromRecents="true"
187-->[com.google.android.gms:play-services-auth:20.1.0] AndroidManifest.xml:25:13-46
188            android:exported="false"
188-->[com.google.android.gms:play-services-auth:20.1.0] AndroidManifest.xml:26:13-37
189            android:theme="@android:style/Theme.Translucent.NoTitleBar" />
189-->[com.google.android.gms:play-services-auth:20.1.0] AndroidManifest.xml:27:13-72
190        <!--
191            Service handling Google Sign-In user revocation. For apps that do not integrate with
192            Google Sign-In, this service will never be started.
193        -->
194        <service
194-->[com.google.android.gms:play-services-auth:20.1.0] AndroidManifest.xml:33:9-37:51
195            android:name="com.google.android.gms.auth.api.signin.RevocationBoundService"
195-->[com.google.android.gms:play-services-auth:20.1.0] AndroidManifest.xml:34:13-89
196            android:exported="true"
196-->[com.google.android.gms:play-services-auth:20.1.0] AndroidManifest.xml:35:13-36
197            android:permission="com.google.android.gms.auth.api.signin.permission.REVOCATION_NOTIFICATION"
197-->[com.google.android.gms:play-services-auth:20.1.0] AndroidManifest.xml:36:13-107
198            android:visibleToInstantApps="true" />
198-->[com.google.android.gms:play-services-auth:20.1.0] AndroidManifest.xml:37:13-48
199
200        <activity
200-->[com.google.firebase:firebase-auth:21.0.1] AndroidManifest.xml:27:9-44:20
201            android:name="com.google.firebase.auth.internal.GenericIdpActivity"
201-->[com.google.firebase:firebase-auth:21.0.1] AndroidManifest.xml:28:13-80
202            android:excludeFromRecents="true"
202-->[com.google.firebase:firebase-auth:21.0.1] AndroidManifest.xml:29:13-46
203            android:exported="true"
203-->[com.google.firebase:firebase-auth:21.0.1] AndroidManifest.xml:30:13-36
204            android:launchMode="singleTask"
204-->[com.google.firebase:firebase-auth:21.0.1] AndroidManifest.xml:31:13-44
205            android:theme="@android:style/Theme.Translucent.NoTitleBar" >
205-->[com.google.firebase:firebase-auth:21.0.1] AndroidManifest.xml:32:13-72
206            <intent-filter>
206-->[com.google.firebase:firebase-auth:21.0.1] AndroidManifest.xml:33:13-43:29
207                <action android:name="android.intent.action.VIEW" />
207-->[com.google.firebase:firebase-auth:21.0.1] AndroidManifest.xml:34:17-69
207-->[com.google.firebase:firebase-auth:21.0.1] AndroidManifest.xml:34:25-66
208
209                <category android:name="android.intent.category.DEFAULT" />
209-->[com.google.firebase:firebase-auth:21.0.1] AndroidManifest.xml:36:17-76
209-->[com.google.firebase:firebase-auth:21.0.1] AndroidManifest.xml:36:27-73
210                <category android:name="android.intent.category.BROWSABLE" />
210-->[com.google.firebase:firebase-auth:21.0.1] AndroidManifest.xml:37:17-78
210-->[com.google.firebase:firebase-auth:21.0.1] AndroidManifest.xml:37:27-75
211
212                <data
212-->[com.google.firebase:firebase-auth:21.0.1] AndroidManifest.xml:39:17-42:51
213                    android:host="firebase.auth"
213-->[com.google.firebase:firebase-auth:21.0.1] AndroidManifest.xml:40:21-49
214                    android:path="/"
214-->[com.google.firebase:firebase-auth:21.0.1] AndroidManifest.xml:41:21-37
215                    android:scheme="genericidp" />
215-->[com.google.firebase:firebase-auth:21.0.1] AndroidManifest.xml:42:21-48
216            </intent-filter>
217        </activity>
218        <activity
218-->[com.google.firebase:firebase-auth:21.0.1] AndroidManifest.xml:45:9-62:20
219            android:name="com.google.firebase.auth.internal.RecaptchaActivity"
219-->[com.google.firebase:firebase-auth:21.0.1] AndroidManifest.xml:46:13-79
220            android:excludeFromRecents="true"
220-->[com.google.firebase:firebase-auth:21.0.1] AndroidManifest.xml:47:13-46
221            android:exported="true"
221-->[com.google.firebase:firebase-auth:21.0.1] AndroidManifest.xml:48:13-36
222            android:launchMode="singleTask"
222-->[com.google.firebase:firebase-auth:21.0.1] AndroidManifest.xml:49:13-44
223            android:theme="@android:style/Theme.Translucent.NoTitleBar" >
223-->[com.google.firebase:firebase-auth:21.0.1] AndroidManifest.xml:50:13-72
224            <intent-filter>
224-->[com.google.firebase:firebase-auth:21.0.1] AndroidManifest.xml:51:13-61:29
225                <action android:name="android.intent.action.VIEW" />
225-->[com.google.firebase:firebase-auth:21.0.1] AndroidManifest.xml:34:17-69
225-->[com.google.firebase:firebase-auth:21.0.1] AndroidManifest.xml:34:25-66
226
227                <category android:name="android.intent.category.DEFAULT" />
227-->[com.google.firebase:firebase-auth:21.0.1] AndroidManifest.xml:36:17-76
227-->[com.google.firebase:firebase-auth:21.0.1] AndroidManifest.xml:36:27-73
228                <category android:name="android.intent.category.BROWSABLE" />
228-->[com.google.firebase:firebase-auth:21.0.1] AndroidManifest.xml:37:17-78